\BOOKMARK [0][-]{chapter.1}{\376\377\000I\000n\000t\000r\000o\000d\000u\000c\000t\000i\000o\000n}{}% 1
\BOOKMARK [1][-]{section.1.1}{\376\377\000M\000o\000t\000i\000v\000a\000t\000i\000o\000n}{chapter.1}% 2
\BOOKMARK [1][-]{section.1.2}{\376\377\000R\000e\000f\000e\000r\000e\000n\000c\000e\000s}{chapter.1}% 3
\BOOKMARK [0][-]{chapter.2}{\376\377\000M\000a\000n\000u\000a\000l}{}% 4
\BOOKMARK [1][-]{section.2.1}{\376\377\000G\000e\000M\000\040\000u\000s\000a\000g\000e}{chapter.2}% 5
\BOOKMARK [2][-]{subsection.2.1.1}{\376\377\000T\000h\000e\000\040\000f\000o\000r\000m\000u\000l\000a\000\040\000s\000y\000n\000t\000a\000x}{section.2.1}% 6
\BOOKMARK [2][-]{subsection.2.1.2}{\376\377\000A\000r\000g\000u\000m\000e\000n\000t\000s\000\040\000o\000f\000\040\000e\000s\000t\000i\000m\000a\000t\000e\000\040\000a\000n\000d\000\040\000d\000r\000a\000w}{section.2.1}% 7
\BOOKMARK [2][-]{subsection.2.1.3}{\376\377\000M\000e\000t\000h\000o\000d\000s\000\040\000o\000f\000\040\000e\000s\000t\000i\000m\000a\000t\000e\000\040\000a\000n\000d\000\040\000d\000r\000a\000w}{section.2.1}% 8
\BOOKMARK [2][-]{subsection.2.1.4}{\376\377\000A\000t\000t\000r\000i\000b\000u\000t\000e\000s\000\040\000o\000f\000\040\000e\000s\000t\000i\000m\000a\000t\000e\000\040\000a\000n\000d\000\040\000d\000r\000a\000w}{section.2.1}% 9
\BOOKMARK [1][-]{section.2.2}{\376\377\000C\000U\000B\000\040\000f\000a\000m\000i\000l\000y}{chapter.2}% 10
\BOOKMARK [2][-]{subsection.2.2.1}{\376\377\000R\000e\000f\000e\000r\000e\000n\000c\000e\000s}{section.2.2}% 11
\BOOKMARK [2][-]{subsection.2.2.2}{\376\377\000W\000i\000t\000h\000o\000u\000t\000\040\000c\000o\000v\000a\000r\000i\000a\000t\000e\000s}{section.2.2}% 12
\BOOKMARK [2][-]{subsection.2.2.3}{\376\377\000W\000i\000t\000h\000\040\000c\000o\000v\000a\000r\000i\000a\000t\000e\000s}{section.2.2}% 13
\BOOKMARK [1][-]{section.2.3}{\376\377\000C\000U\000B\000S\000H\000\040\000f\000a\000m\000i\000l\000y}{chapter.2}% 14
\BOOKMARK [2][-]{subsection.2.3.1}{\376\377\000R\000e\000f\000e\000r\000e\000n\000c\000e\000s}{section.2.3}% 15
\BOOKMARK [2][-]{subsection.2.3.2}{\376\377\000W\000i\000t\000h\000o\000u\000t\000\040\000c\000o\000v\000a\000r\000i\000a\000t\000e\000s}{section.2.3}% 16
\BOOKMARK [2][-]{subsection.2.3.3}{\376\377\000W\000i\000t\000h\000\040\000c\000o\000v\000a\000r\000i\000a\000t\000e\000s}{section.2.3}% 17
\BOOKMARK [1][-]{section.2.4}{\376\377\000C\000U\000S\000H\000\040\000f\000a\000m\000i\000l\000y}{chapter.2}% 18
\BOOKMARK [2][-]{subsection.2.4.1}{\376\377\000R\000e\000f\000e\000r\000e\000n\000c\000e\000s}{section.2.4}% 19
\BOOKMARK [2][-]{subsection.2.4.2}{\376\377\000W\000i\000t\000h\000o\000u\000t\000\040\000c\000o\000v\000a\000r\000i\000a\000t\000e\000s}{section.2.4}% 20
\BOOKMARK [2][-]{subsection.2.4.3}{\376\377\000W\000i\000t\000h\000\040\000c\000o\000v\000a\000r\000i\000a\000t\000e\000s}{section.2.4}% 21
\BOOKMARK [1][-]{section.2.5}{\376\377\000C\000U\000S\000H\0002\000\040\000f\000a\000m\000i\000l\000y}{chapter.2}% 22
\BOOKMARK [2][-]{subsection.2.5.1}{\376\377\000R\000e\000f\000e\000r\000e\000n\000c\000e\000s}{section.2.5}% 23
\BOOKMARK [2][-]{subsection.2.5.2}{\376\377\000W\000i\000t\000h\000o\000u\000t\000\040\000c\000o\000v\000a\000r\000i\000a\000t\000e\000s}{section.2.5}% 24
\BOOKMARK [2][-]{subsection.2.5.3}{\376\377\000W\000i\000t\000h\000\040\000c\000o\000v\000a\000r\000i\000a\000t\000e\000s}{section.2.5}% 25
\BOOKMARK [1][-]{section.2.6}{\376\377\000C\000U\000B\000E\000\040\000f\000a\000m\000i\000l\000y}{chapter.2}% 26
\BOOKMARK [2][-]{subsection.2.6.1}{\376\377\000R\000e\000f\000e\000r\000e\000n\000c\000e\000s}{section.2.6}% 27
\BOOKMARK [2][-]{subsection.2.6.2}{\376\377\000W\000i\000t\000h\000o\000u\000t\000\040\000c\000o\000v\000a\000r\000i\000a\000t\000e\000s}{section.2.6}% 28
\BOOKMARK [2][-]{subsection.2.6.3}{\376\377\000W\000i\000t\000h\000\040\000c\000o\000v\000a\000r\000i\000a\000t\000e\000s}{section.2.6}% 29
\BOOKMARK [1][-]{section.2.7}{\376\377\000I\000H\000G\000\040\000f\000a\000m\000i\000l\000y}{chapter.2}% 30
\BOOKMARK [2][-]{subsection.2.7.1}{\376\377\000R\000e\000f\000e\000r\000e\000n\000c\000e\000s}{section.2.7}% 31
\BOOKMARK [2][-]{subsection.2.7.2}{\376\377\000W\000i\000t\000h\000o\000u\000t\000\040\000c\000o\000v\000a\000r\000i\000a\000t\000e\000s}{section.2.7}% 32
\BOOKMARK [2][-]{subsection.2.7.3}{\376\377\000W\000i\000t\000h\000\040\000c\000o\000v\000a\000r\000i\000a\000t\000e\000s}{section.2.7}% 33
\BOOKMARK [1][-]{section.2.8}{\376\377\000M\000U\000L\000T\000I\000C\000U\000B}{chapter.2}% 34
\BOOKMARK [0][-]{chapter.3}{\376\377\000c\000u\000b\000m\000o\000d\000s}{}% 35
\BOOKMARK [1][-]{section.3.1}{\376\377\000c\000u\000b\000m\000o\000d\000s\000\040\000p\000a\000c\000k\000a\000g\000e}{chapter.3}% 36
\BOOKMARK [2][-]{subsection.3.1.1}{\376\377\000S\000u\000b\000m\000o\000d\000u\000l\000e\000s}{section.3.1}% 37
\BOOKMARK [2][-]{subsection.3.1.2}{\376\377\000c\000u\000b\000m\000o\000d\000s\000.\000c\000u\000b\000\040\000m\000o\000d\000u\000l\000e}{section.3.1}% 38
\BOOKMARK [3][-]{subsubsection*.3}{\376\377\000D\000e\000s\000c\000r\000i\000p\000t\000i\000o\000n}{subsection.3.1.2}% 39
\BOOKMARK [3][-]{subsubsection*.4}{\376\377\000M\000a\000n\000u\000a\000l\000\040\000a\000n\000d\000\040\000E\000x\000a\000m\000p\000l\000e\000s}{subsection.3.1.2}% 40
\BOOKMARK [3][-]{subsubsection*.5}{\376\377\000R\000e\000f\000e\000r\000e\000n\000c\000e\000s}{subsection.3.1.2}% 41
\BOOKMARK [3][-]{subsubsection*.6}{\376\377\000L\000i\000s\000t\000\040\000o\000f\000\040\000T\000O\000D\000O\000s\000:}{subsection.3.1.2}% 42
\BOOKMARK [3][-]{subsubsection*.7}{\376\377\000C\000r\000e\000d\000i\000t\000s}{subsection.3.1.2}% 43
\BOOKMARK [3][-]{subsubsection*.8}{\376\377\000C\000l\000a\000s\000s\000e\000s\000\040\000a\000n\000d\000\040\000F\000u\000n\000c\000t\000i\000o\000n\000s}{subsection.3.1.2}% 44
\BOOKMARK [2][-]{subsection.3.1.3}{\376\377\000c\000u\000b\000m\000o\000d\000s\000.\000c\000u\000b\000\137\0000\000w\000\040\000m\000o\000d\000u\000l\000e}{section.3.1}% 45
\BOOKMARK [3][-]{subsubsection*.29}{\376\377\000D\000e\000s\000c\000r\000i\000p\000t\000i\000o\000n\000:}{subsection.3.1.3}% 46
\BOOKMARK [3][-]{subsubsection*.30}{\376\377\000M\000a\000n\000u\000a\000l\000\040\000a\000n\000d\000\040\000E\000x\000a\000m\000p\000l\000e\000s}{subsection.3.1.3}% 47
\BOOKMARK [3][-]{subsubsection*.31}{\376\377\000R\000e\000f\000e\000r\000e\000n\000c\000e\000s\000:}{subsection.3.1.3}% 48
\BOOKMARK [3][-]{subsubsection*.32}{\376\377\000L\000i\000s\000t\000\040\000o\000f\000\040\000T\000O\000D\000O\000s\000:}{subsection.3.1.3}% 49
\BOOKMARK [3][-]{subsubsection*.33}{\376\377\000C\000r\000e\000d\000i\000t\000s}{subsection.3.1.3}% 50
\BOOKMARK [3][-]{subsubsection*.34}{\376\377\000C\000l\000a\000s\000s\000e\000s\000\040\000a\000n\000d\000\040\000F\000u\000n\000c\000t\000i\000o\000n\000s}{subsection.3.1.3}% 51
\BOOKMARK [2][-]{subsection.3.1.4}{\376\377\000c\000u\000b\000m\000o\000d\000s\000.\000c\000u\000b\000\137\000y\0000\000\040\000m\000o\000d\000u\000l\000e}{section.3.1}% 52
\BOOKMARK [3][-]{subsubsection*.48}{\376\377\000D\000e\000s\000c\000r\000i\000p\000t\000i\000o\000n\000:}{subsection.3.1.4}% 53
\BOOKMARK [3][-]{subsubsection*.49}{\376\377\000M\000a\000n\000u\000a\000l\000\040\000a\000n\000d\000\040\000E\000x\000a\000m\000p\000l\000e\000s}{subsection.3.1.4}% 54
\BOOKMARK [3][-]{subsubsection*.50}{\376\377\000R\000e\000f\000e\000r\000e\000n\000c\000e\000s\000:}{subsection.3.1.4}% 55
\BOOKMARK [3][-]{subsubsection*.51}{\376\377\000L\000i\000s\000t\000\040\000o\000f\000\040\000T\000O\000D\000O\000s\000:}{subsection.3.1.4}% 56
\BOOKMARK [3][-]{subsubsection*.52}{\376\377\000C\000r\000e\000d\000i\000t\000s}{subsection.3.1.4}% 57
\BOOKMARK [3][-]{subsubsection*.53}{\376\377\000C\000l\000a\000s\000s\000e\000s\000\040\000a\000n\000d\000\040\000F\000u\000n\000c\000t\000i\000o\000n\000s}{subsection.3.1.4}% 58
\BOOKMARK [2][-]{subsection.3.1.5}{\376\377\000c\000u\000b\000m\000o\000d\000s\000.\000c\000u\000b\000\137\000y\000w\000\040\000m\000o\000d\000u\000l\000e}{section.3.1}% 59
\BOOKMARK [3][-]{subsubsection*.65}{\376\377\000D\000e\000s\000c\000r\000i\000p\000t\000i\000o\000n\000:}{subsection.3.1.5}% 60
\BOOKMARK [3][-]{subsubsection*.66}{\376\377\000M\000a\000n\000u\000a\000l\000\040\000a\000n\000d\000\040\000E\000x\000a\000m\000p\000l\000e\000s}{subsection.3.1.5}% 61
\BOOKMARK [3][-]{subsubsection*.67}{\376\377\000R\000e\000f\000e\000r\000e\000n\000c\000e\000s\000:}{subsection.3.1.5}% 62
\BOOKMARK [3][-]{subsubsection*.68}{\376\377\000L\000i\000s\000t\000\040\000o\000f\000\040\000T\000O\000D\000O\000s\000:}{subsection.3.1.5}% 63
\BOOKMARK [3][-]{subsubsection*.69}{\376\377\000C\000r\000e\000d\000i\000t\000s}{subsection.3.1.5}% 64
\BOOKMARK [3][-]{subsubsection*.70}{\376\377\000C\000l\000a\000s\000s\000e\000s\000\040\000a\000n\000d\000\040\000F\000u\000n\000c\000t\000i\000o\000n\000s}{subsection.3.1.5}% 65
\BOOKMARK [2][-]{subsection.3.1.6}{\376\377\000c\000u\000b\000m\000o\000d\000s\000.\000c\000u\000b\000e\000\040\000m\000o\000d\000u\000l\000e}{section.3.1}% 66
\BOOKMARK [3][-]{subsubsection*.81}{\376\377\000D\000e\000s\000c\000r\000i\000p\000t\000i\000o\000n\000:}{subsection.3.1.6}% 67
\BOOKMARK [3][-]{subsubsection*.82}{\376\377\000M\000a\000n\000u\000a\000l\000\040\000a\000n\000d\000\040\000E\000x\000a\000m\000p\000l\000e\000s}{subsection.3.1.6}% 68
\BOOKMARK [3][-]{subsubsection*.83}{\376\377\000R\000e\000f\000e\000r\000e\000n\000c\000e\000s\000:}{subsection.3.1.6}% 69
\BOOKMARK [3][-]{subsubsection*.84}{\376\377\000L\000i\000s\000t\000\040\000o\000f\000\040\000T\000O\000D\000O\000s\000:}{subsection.3.1.6}% 70
\BOOKMARK [3][-]{subsubsection*.85}{\376\377\000C\000r\000e\000d\000i\000t\000s}{subsection.3.1.6}% 71
\BOOKMARK [3][-]{subsubsection*.86}{\376\377\000C\000l\000a\000s\000s\000e\000s\000\040\000a\000n\000d\000\040\000F\000u\000n\000c\000t\000i\000o\000n\000s}{subsection.3.1.6}% 72
\BOOKMARK [2][-]{subsection.3.1.7}{\376\377\000c\000u\000b\000m\000o\000d\000s\000.\000c\000u\000b\000e\000\137\0000\000w\0000\000\040\000m\000o\000d\000u\000l\000e}{section.3.1}% 73
\BOOKMARK [3][-]{subsubsection*.103}{\376\377\000D\000e\000s\000c\000r\000i\000p\000t\000i\000o\000n\000:}{subsection.3.1.7}% 74
\BOOKMARK [3][-]{subsubsection*.104}{\376\377\000M\000a\000n\000u\000a\000l\000\040\000a\000n\000d\000\040\000E\000x\000a\000m\000p\000l\000e\000s}{subsection.3.1.7}% 75
\BOOKMARK [3][-]{subsubsection*.105}{\376\377\000R\000e\000f\000e\000r\000e\000n\000c\000e\000s\000:}{subsection.3.1.7}% 76
\BOOKMARK [3][-]{subsubsection*.106}{\376\377\000L\000i\000s\000t\000\040\000o\000f\000\040\000T\000O\000D\000O\000s\000:}{subsection.3.1.7}% 77
\BOOKMARK [3][-]{subsubsection*.107}{\376\377\000C\000r\000e\000d\000i\000t\000s}{subsection.3.1.7}% 78
\BOOKMARK [3][-]{subsubsection*.108}{\376\377\000C\000l\000a\000s\000s\000e\000s\000\040\000a\000n\000d\000\040\000F\000u\000n\000c\000t\000i\000o\000n\000s}{subsection.3.1.7}% 79
\BOOKMARK [2][-]{subsection.3.1.8}{\376\377\000c\000u\000b\000m\000o\000d\000s\000.\000c\000u\000b\000e\000\137\000y\000w\000z\000\040\000m\000o\000d\000u\000l\000e}{section.3.1}% 80
\BOOKMARK [3][-]{subsubsection*.121}{\376\377\000D\000e\000s\000c\000r\000i\000p\000t\000i\000o\000n\000:}{subsection.3.1.8}% 81
\BOOKMARK [3][-]{subsubsection*.122}{\376\377\000M\000a\000n\000u\000a\000l\000\040\000a\000n\000d\000\040\000E\000x\000a\000m\000p\000l\000e\000s}{subsection.3.1.8}% 82
\BOOKMARK [3][-]{subsubsection*.123}{\376\377\000R\000e\000f\000e\000r\000e\000n\000c\000e\000s\000:}{subsection.3.1.8}% 83
\BOOKMARK [3][-]{subsubsection*.124}{\376\377\000L\000i\000s\000t\000\040\000o\000f\000\040\000T\000O\000D\000O\000s\000:}{subsection.3.1.8}% 84
\BOOKMARK [3][-]{subsubsection*.125}{\376\377\000C\000r\000e\000d\000i\000t\000s}{subsection.3.1.8}% 85
\BOOKMARK [3][-]{subsubsection*.126}{\376\377\000C\000l\000a\000s\000s\000e\000s\000\040\000a\000n\000d\000\040\000F\000u\000n\000c\000t\000i\000o\000n\000s}{subsection.3.1.8}% 86
\BOOKMARK [2][-]{subsection.3.1.9}{\376\377\000c\000u\000b\000m\000o\000d\000s\000.\000c\000u\000b\000s\000h\000\040\000m\000o\000d\000u\000l\000e}{section.3.1}% 87
\BOOKMARK [3][-]{subsubsection*.141}{\376\377\000D\000e\000s\000c\000r\000i\000p\000t\000i\000o\000n\000:}{subsection.3.1.9}% 88
\BOOKMARK [3][-]{subsubsection*.142}{\376\377\000R\000e\000f\000e\000r\000e\000n\000c\000e\000s\000:}{subsection.3.1.9}% 89
\BOOKMARK [3][-]{subsubsection*.143}{\376\377\000L\000i\000s\000t\000\040\000o\000f\000\040\000T\000O\000D\000O\000s\000:}{subsection.3.1.9}% 90
\BOOKMARK [3][-]{subsubsection*.144}{\376\377\000C\000r\000e\000d\000i\000t\000s}{subsection.3.1.9}% 91
\BOOKMARK [3][-]{subsubsection*.145}{\376\377\000C\000l\000a\000s\000s\000e\000s\000\040\000a\000n\000d\000\040\000F\000u\000n\000c\000t\000i\000o\000n\000s}{subsection.3.1.9}% 92
\BOOKMARK [2][-]{subsection.3.1.10}{\376\377\000c\000u\000b\000m\000o\000d\000s\000.\000c\000u\000b\000s\000h\000\137\000y\000w\000x\000\040\000m\000o\000d\000u\000l\000e}{section.3.1}% 93
\BOOKMARK [3][-]{subsubsection*.169}{\376\377\000D\000e\000s\000c\000r\000i\000p\000t\000i\000o\000n\000:}{subsection.3.1.10}% 94
\BOOKMARK [3][-]{subsubsection*.170}{\376\377\000M\000a\000n\000u\000a\000l\000\040\000a\000n\000d\000\040\000E\000x\000a\000m\000p\000l\000e\000s}{subsection.3.1.10}% 95
\BOOKMARK [3][-]{subsubsection*.171}{\376\377\000R\000e\000f\000e\000r\000e\000n\000c\000e\000s\000:}{subsection.3.1.10}% 96
\BOOKMARK [3][-]{subsubsection*.172}{\376\377\000L\000i\000s\000t\000\040\000o\000f\000\040\000T\000O\000D\000O\000s\000:}{subsection.3.1.10}% 97
\BOOKMARK [3][-]{subsubsection*.173}{\376\377\000C\000r\000e\000d\000i\000t\000s}{subsection.3.1.10}% 98
\BOOKMARK [3][-]{subsubsection*.174}{\376\377\000C\000l\000a\000s\000s\000e\000s\000\040\000a\000n\000d\000\040\000F\000u\000n\000c\000t\000i\000o\000n\000s}{subsection.3.1.10}% 99
\BOOKMARK [2][-]{subsection.3.1.11}{\376\377\000c\000u\000b\000m\000o\000d\000s\000.\000c\000u\000s\000h\000\040\000m\000o\000d\000u\000l\000e}{section.3.1}% 100
\BOOKMARK [3][-]{subsubsection*.188}{\376\377\000D\000e\000s\000c\000r\000i\000p\000t\000i\000o\000n\000:}{subsection.3.1.11}% 101
\BOOKMARK [3][-]{subsubsection*.189}{\376\377\000M\000a\000n\000u\000a\000l\000\040\000a\000n\000d\000\040\000E\000x\000a\000m\000p\000l\000e\000s}{subsection.3.1.11}% 102
\BOOKMARK [3][-]{subsubsection*.190}{\376\377\000R\000e\000f\000e\000r\000e\000n\000c\000e\000s\000:}{subsection.3.1.11}% 103
\BOOKMARK [3][-]{subsubsection*.191}{\376\377\000L\000i\000s\000t\000\040\000o\000f\000\040\000T\000O\000D\000O\000s\000:}{subsection.3.1.11}% 104
\BOOKMARK [3][-]{subsubsection*.192}{\376\377\000C\000r\000e\000d\000i\000t\000s}{subsection.3.1.11}% 105
\BOOKMARK [3][-]{subsubsection*.193}{\376\377\000C\000l\000a\000s\000s\000e\000s\000\040\000a\000n\000d\000\040\000F\000u\000n\000c\000t\000i\000o\000n\000s}{subsection.3.1.11}% 106
\BOOKMARK [2][-]{subsection.3.1.12}{\376\377\000c\000u\000b\000m\000o\000d\000s\000.\000c\000u\000s\000h\0002\000\040\000m\000o\000d\000u\000l\000e}{section.3.1}% 107
\BOOKMARK [3][-]{subsubsection*.207}{\376\377\000D\000e\000s\000c\000r\000i\000p\000t\000i\000o\000n\000:}{subsection.3.1.12}% 108
\BOOKMARK [3][-]{subsubsection*.208}{\376\377\000R\000e\000f\000e\000r\000e\000n\000c\000e\000s\000:}{subsection.3.1.12}% 109
\BOOKMARK [3][-]{subsubsection*.209}{\376\377\000L\000i\000s\000t\000\040\000o\000f\000\040\000T\000O\000D\000O\000s\000:}{subsection.3.1.12}% 110
\BOOKMARK [3][-]{subsubsection*.210}{\376\377\000C\000r\000e\000d\000i\000t\000s}{subsection.3.1.12}% 111
\BOOKMARK [3][-]{subsubsection*.211}{\376\377\000C\000l\000a\000s\000s\000e\000s\000\040\000a\000n\000d\000\040\000F\000u\000n\000c\000t\000i\000o\000n\000s}{subsection.3.1.12}% 112
\BOOKMARK [2][-]{subsection.3.1.13}{\376\377\000c\000u\000b\000m\000o\000d\000s\000.\000c\000u\000s\000h\0002\000\137\000x\0000\000\040\000m\000o\000d\000u\000l\000e}{section.3.1}% 113
\BOOKMARK [3][-]{subsubsection*.221}{\376\377\000D\000e\000s\000c\000r\000i\000p\000t\000i\000o\000n\000:}{subsection.3.1.13}% 114
\BOOKMARK [3][-]{subsubsection*.222}{\376\377\000R\000e\000f\000e\000r\000e\000n\000c\000e\000s\000:}{subsection.3.1.13}% 115
\BOOKMARK [3][-]{subsubsection*.223}{\376\377\000L\000i\000s\000t\000\040\000o\000f\000\040\000T\000O\000D\000O\000s\000:}{subsection.3.1.13}% 116
\BOOKMARK [3][-]{subsubsection*.224}{\376\377\000C\000r\000e\000d\000i\000t\000s}{subsection.3.1.13}% 117
\BOOKMARK [3][-]{subsubsection*.225}{\376\377\000C\000l\000a\000s\000s\000e\000s\000\040\000a\000n\000d\000\040\000F\000u\000n\000c\000t\000i\000o\000n\000s}{subsection.3.1.13}% 118
\BOOKMARK [2][-]{subsection.3.1.14}{\376\377\000c\000u\000b\000m\000o\000d\000s\000.\000c\000u\000s\000h\0002\000\137\000x\000x\000\040\000m\000o\000d\000u\000l\000e}{section.3.1}% 119
\BOOKMARK [3][-]{subsubsection*.235}{\376\377\000D\000e\000s\000c\000r\000i\000p\000t\000i\000o\000n\000:}{subsection.3.1.14}% 120
\BOOKMARK [3][-]{subsubsection*.236}{\376\377\000R\000e\000f\000e\000r\000e\000n\000c\000e\000s\000:}{subsection.3.1.14}% 121
\BOOKMARK [3][-]{subsubsection*.237}{\376\377\000L\000i\000s\000t\000\040\000o\000f\000\040\000T\000O\000D\000O\000s\000:}{subsection.3.1.14}% 122
\BOOKMARK [3][-]{subsubsection*.238}{\376\377\000C\000r\000e\000d\000i\000t\000s}{subsection.3.1.14}% 123
\BOOKMARK [3][-]{subsubsection*.239}{\376\377\000C\000l\000a\000s\000s\000e\000s\000\040\000a\000n\000d\000\040\000F\000u\000n\000c\000t\000i\000o\000n\000s}{subsection.3.1.14}% 124
\BOOKMARK [2][-]{subsection.3.1.15}{\376\377\000c\000u\000b\000m\000o\000d\000s\000.\000c\000u\000s\000h\000\137\000x\000\040\000m\000o\000d\000u\000l\000e}{section.3.1}% 125
\BOOKMARK [3][-]{subsubsection*.249}{\376\377\000D\000e\000s\000c\000r\000i\000p\000t\000i\000o\000n\000:}{subsection.3.1.15}% 126
\BOOKMARK [3][-]{subsubsection*.250}{\376\377\000R\000e\000f\000e\000r\000e\000n\000c\000e\000s\000:}{subsection.3.1.15}% 127
\BOOKMARK [3][-]{subsubsection*.251}{\376\377\000L\000i\000s\000t\000\040\000o\000f\000\040\000T\000O\000D\000O\000s\000:}{subsection.3.1.15}% 128
\BOOKMARK [3][-]{subsubsection*.252}{\376\377\000C\000r\000e\000d\000i\000t\000s}{subsection.3.1.15}% 129
\BOOKMARK [3][-]{subsubsection*.253}{\376\377\000C\000l\000a\000s\000s\000e\000s\000\040\000a\000n\000d\000\040\000F\000u\000n\000c\000t\000i\000o\000n\000s}{subsection.3.1.15}% 130
\BOOKMARK [2][-]{subsection.3.1.16}{\376\377\000c\000u\000b\000m\000o\000d\000s\000.\000g\000e\000m\000\040\000m\000o\000d\000u\000l\000e}{section.3.1}% 131
\BOOKMARK [3][-]{subsubsection*.264}{\376\377\000D\000e\000s\000c\000r\000i\000p\000t\000i\000o\000n\000:}{subsection.3.1.16}% 132
\BOOKMARK [3][-]{subsubsection*.265}{\376\377\000R\000e\000f\000e\000r\000e\000n\000c\000e\000s\000:}{subsection.3.1.16}% 133
\BOOKMARK [3][-]{subsubsection*.266}{\376\377\000L\000i\000s\000t\000\040\000o\000f\000\040\000T\000O\000D\000O\000s\000:}{subsection.3.1.16}% 134
\BOOKMARK [3][-]{subsubsection*.267}{\376\377\000C\000r\000e\000d\000i\000t\000s}{subsection.3.1.16}% 135
\BOOKMARK [3][-]{subsubsection*.268}{\376\377\000C\000l\000a\000s\000s\000e\000s\000\040\000a\000n\000d\000\040\000F\000u\000n\000c\000t\000i\000o\000n\000s}{subsection.3.1.16}% 136
\BOOKMARK [2][-]{subsection.3.1.17}{\376\377\000c\000u\000b\000m\000o\000d\000s\000.\000g\000e\000n\000e\000r\000a\000l\000\040\000m\000o\000d\000u\000l\000e}{section.3.1}% 137
\BOOKMARK [3][-]{subsubsection*.271}{\376\377\000D\000e\000s\000c\000r\000i\000p\000t\000i\000o\000n\000:}{subsection.3.1.17}% 138
\BOOKMARK [3][-]{subsubsection*.272}{\376\377\000R\000e\000f\000e\000r\000e\000n\000c\000e\000s\000:}{subsection.3.1.17}% 139
\BOOKMARK [3][-]{subsubsection*.273}{\376\377\000L\000i\000s\000t\000\040\000o\000f\000\040\000T\000O\000D\000O\000s\000:}{subsection.3.1.17}% 140
\BOOKMARK [3][-]{subsubsection*.274}{\376\377\000C\000r\000e\000d\000i\000t\000s}{subsection.3.1.17}% 141
\BOOKMARK [3][-]{subsubsection*.275}{\376\377\000C\000l\000a\000s\000s\000e\000s\000\040\000a\000n\000d\000\040\000F\000u\000n\000c\000t\000i\000o\000n\000s}{subsection.3.1.17}% 142
\BOOKMARK [2][-]{subsection.3.1.18}{\376\377\000c\000u\000b\000m\000o\000d\000s\000.\000i\000h\000g\000\040\000m\000o\000d\000u\000l\000e}{section.3.1}% 143
\BOOKMARK [3][-]{subsubsection*.310}{\376\377\000D\000e\000s\000c\000r\000i\000p\000t\000i\000o\000n\000:}{subsection.3.1.18}% 144
\BOOKMARK [3][-]{subsubsection*.311}{\376\377\000R\000e\000f\000e\000r\000e\000n\000c\000e\000s\000:}{subsection.3.1.18}% 145
\BOOKMARK [3][-]{subsubsection*.312}{\376\377\000L\000i\000s\000t\000\040\000o\000f\000\040\000T\000O\000D\000O\000s\000:}{subsection.3.1.18}% 146
\BOOKMARK [3][-]{subsubsection*.313}{\376\377\000C\000r\000e\000d\000i\000t\000s}{subsection.3.1.18}% 147
\BOOKMARK [3][-]{subsubsection*.314}{\376\377\000C\000l\000a\000s\000s\000e\000s\000\040\000a\000n\000d\000\040\000F\000u\000n\000c\000t\000i\000o\000n\000s}{subsection.3.1.18}% 148
\BOOKMARK [2][-]{subsection.3.1.19}{\376\377\000c\000u\000b\000m\000o\000d\000s\000.\000i\000h\000g\000\137\000v\000\040\000m\000o\000d\000u\000l\000e}{section.3.1}% 149
\BOOKMARK [3][-]{subsubsection*.326}{\376\377\000D\000e\000s\000c\000r\000i\000p\000t\000i\000o\000n\000:}{subsection.3.1.19}% 150
\BOOKMARK [3][-]{subsubsection*.327}{\376\377\000R\000e\000f\000e\000r\000e\000n\000c\000e\000s\000:}{subsection.3.1.19}% 151
\BOOKMARK [3][-]{subsubsection*.328}{\376\377\000L\000i\000s\000t\000\040\000o\000f\000\040\000T\000O\000D\000O\000s\000:}{subsection.3.1.19}% 152
\BOOKMARK [3][-]{subsubsection*.329}{\376\377\000C\000r\000e\000d\000i\000t\000s}{subsection.3.1.19}% 153
\BOOKMARK [3][-]{subsubsection*.330}{\376\377\000C\000l\000a\000s\000s\000e\000s\000\040\000a\000n\000d\000\040\000F\000u\000n\000c\000t\000i\000o\000n\000s}{subsection.3.1.19}% 154
\BOOKMARK [2][-]{subsection.3.1.20}{\376\377\000c\000u\000b\000m\000o\000d\000s\000.\000m\000u\000l\000t\000i\000c\000u\000b\000\040\000m\000o\000d\000u\000l\000e}{section.3.1}% 155
\BOOKMARK [3][-]{subsubsection*.342}{\376\377\000D\000e\000s\000c\000r\000i\000p\000t\000i\000o\000n\000:}{subsection.3.1.20}% 156
\BOOKMARK [3][-]{subsubsection*.343}{\376\377\000R\000e\000f\000e\000r\000e\000n\000c\000e\000s\000:}{subsection.3.1.20}% 157
\BOOKMARK [3][-]{subsubsection*.344}{\376\377\000L\000i\000s\000t\000\040\000o\000f\000\040\000T\000O\000D\000O\000s\000:}{subsection.3.1.20}% 158
\BOOKMARK [3][-]{subsubsection*.345}{\376\377\000C\000r\000e\000d\000i\000t\000s}{subsection.3.1.20}% 159
\BOOKMARK [3][-]{subsubsection*.346}{\376\377\000C\000l\000a\000s\000s\000e\000s\000\040\000a\000n\000d\000\040\000F\000u\000n\000c\000t\000i\000o\000n\000s}{subsection.3.1.20}% 160
\BOOKMARK [2][-]{subsection.3.1.21}{\376\377\000c\000u\000b\000m\000o\000d\000s\000.\000s\000m\000r\000y\000\040\000m\000o\000d\000u\000l\000e}{section.3.1}% 161
\BOOKMARK [3][-]{subsubsection*.349}{\376\377\000D\000e\000s\000c\000r\000i\000p\000t\000i\000o\000n\000:}{subsection.3.1.21}% 162
\BOOKMARK [3][-]{subsubsection*.350}{\376\377\000R\000e\000f\000e\000r\000e\000n\000c\000e\000s\000:}{subsection.3.1.21}% 163
\BOOKMARK [3][-]{subsubsection*.351}{\376\377\000L\000i\000s\000t\000\040\000o\000f\000\040\000T\000O\000D\000O\000s\000:}{subsection.3.1.21}% 164
\BOOKMARK [3][-]{subsubsection*.352}{\376\377\000C\000r\000e\000d\000i\000t\000s}{subsection.3.1.21}% 165
\BOOKMARK [3][-]{subsubsection*.353}{\376\377\000C\000l\000a\000s\000s\000e\000s\000\040\000a\000n\000d\000\040\000F\000u\000n\000c\000t\000i\000o\000n\000s}{subsection.3.1.21}% 166
\BOOKMARK [2][-]{subsection.3.1.22}{\376\377\000M\000o\000d\000u\000l\000e\000\040\000c\000o\000n\000t\000e\000n\000t\000s}{section.3.1}% 167
\BOOKMARK [0][-]{chapter.4}{\376\377\000I\000n\000d\000i\000c\000e\000s\000\040\000a\000n\000d\000\040\000t\000a\000b\000l\000e\000s}{}% 168
\BOOKMARK [0][-]{chapter*.364}{\376\377\000B\000i\000b\000l\000i\000o\000g\000r\000a\000p\000h\000y}{}% 169
\BOOKMARK [0][-]{section*.365}{\376\377\000P\000y\000t\000h\000o\000n\000\040\000M\000o\000d\000u\000l\000e\000\040\000I\000n\000d\000e\000x}{}% 170
